Determining if the pthread_create exist failed with the following output:
Change Dir: /home/ubuntu/Workspace/DetectObstacles/DetectWithHog/build/CMakeFiles/CMakeTmp

Run Build Command:"/usr/bin/make" "cmTC_d4975/fast"
/usr/bin/make -f CMakeFiles/cmTC_d4975.dir/build.make CMakeFiles/cmTC_d4975.dir/build
make[1]: Entering directory '/home/ubuntu/Workspace/DetectObstacles/DetectWithHog/build/CMakeFiles/CMakeTmp'
Building C object CMakeFiles/cmTC_d4975.dir/CheckSymbolExists.c.o
/usr/bin/cc     -o CMakeFiles/cmTC_d4975.dir/CheckSymbolExists.c.o   -c /home/ubuntu/Workspace/DetectObstacles/DetectWithHog/build/CMakeFiles/CMakeTmp/CheckSymbolExists.c
Linking C executable cmTC_d4975
/usr/bin/cmake -E cmake_link_script CMakeFiles/cmTC_d4975.dir/link.txt --verbose=1
/usr/bin/cc       CMakeFiles/cmTC_d4975.dir/CheckSymbolExists.c.o  -o cmTC_d4975 -rdynamic 
CMakeFiles/cmTC_d4975.dir/CheckSymbolExists.c.o: In function `main':
CheckSymbolExists.c:(.text+0x14): undefined reference to `pthread_create'
CheckSymbolExists.c:(.text+0x18): undefined reference to `pthread_create'
collect2: error: ld returned 1 exit status
CMakeFiles/cmTC_d4975.dir/build.make:97: recipe for target 'cmTC_d4975' failed
make[1]: *** [cmTC_d4975] Error 1
make[1]: Leaving directory '/home/ubuntu/Workspace/DetectObstacles/DetectWithHog/build/CMakeFiles/CMakeTmp'
Makefile:126: recipe for target 'cmTC_d4975/fast' failed
make: *** [cmTC_d4975/fast] Error 2

File /home/ubuntu/Workspace/DetectObstacles/DetectWithHog/build/CMakeFiles/CMakeTmp/CheckSymbolExists.c:
/* */
#include <pthread.h>

int main(int argc, char** argv)
{
  (void)argv;
#ifndef pthread_create
  return ((int*)(&pthread_create))[argc];
#else
  (void)argc;
  return 0;
#endif
}

Determining if the function pthread_create exists in the pthreads failed with the following output:
Change Dir: /home/ubuntu/Workspace/DetectObstacles/DetectWithHog/build/CMakeFiles/CMakeTmp

Run Build Command:"/usr/bin/make" "cmTC_03860/fast"
/usr/bin/make -f CMakeFiles/cmTC_03860.dir/build.make CMakeFiles/cmTC_03860.dir/build
make[1]: Entering directory '/home/ubuntu/Workspace/DetectObstacles/DetectWithHog/build/CMakeFiles/CMakeTmp'
Building C object CMakeFiles/cmTC_03860.dir/CheckFunctionExists.c.o
/usr/bin/cc    -DCHECK_FUNCTION_EXISTS=pthread_create   -o CMakeFiles/cmTC_03860.dir/CheckFunctionExists.c.o   -c /usr/share/cmake-3.5/Modules/CheckFunctionExists.c
Linking C executable cmTC_03860
/usr/bin/cmake -E cmake_link_script CMakeFiles/cmTC_03860.dir/link.txt --verbose=1
/usr/bin/cc   -DCHECK_FUNCTION_EXISTS=pthread_create    CMakeFiles/cmTC_03860.dir/CheckFunctionExists.c.o  -o cmTC_03860 -rdynamic -lpthreads 
/usr/bin/ld: cannot find -lpthreads
collect2: error: ld returned 1 exit status
CMakeFiles/cmTC_03860.dir/build.make:97: recipe for target 'cmTC_03860' failed
make[1]: *** [cmTC_03860] Error 1
make[1]: Leaving directory '/home/ubuntu/Workspace/DetectObstacles/DetectWithHog/build/CMakeFiles/CMakeTmp'
Makefile:126: recipe for target 'cmTC_03860/fast' failed
make: *** [cmTC_03860/fast] Error 2


