The system is: Linux - 3.10.96-tegra - aarch64
Compiling the C compiler identification source file "CMakeCCompilerId.c" succeeded.
Compiler: /usr/bin/cc 
Build flags: 
Id flags: 

The output was:
0


Compilation of the C compiler identification source "CMakeCCompilerId.c" produced "a.out"

The C compiler identification is GNU, found in "/home/ubuntu/Workspace/DetectObstacles/DetectWithHog/build/CMakeFiles/3.5.1/CompilerIdC/a.out"

Compiling the CXX compiler identification source file "CMakeCXXCompilerId.cpp" succeeded.
Compiler: /usr/bin/c++ 
Build flags: 
Id flags: 

The output was:
0


Compilation of the CXX compiler identification source "CMakeCXXCompilerId.cpp" produced "a.out"

The CXX compiler identification is GNU, found in "/home/ubuntu/Workspace/DetectObstacles/DetectWithHog/build/CMakeFiles/3.5.1/CompilerIdCXX/a.out"

Determining if the C compiler works passed with the following output:
Change Dir: /home/ubuntu/Workspace/DetectObstacles/DetectWithHog/build/CMakeFiles/CMakeTmp

Run Build Command:"/usr/bin/make" "cmTC_6f914/fast"
/usr/bin/make -f CMakeFiles/cmTC_6f914.dir/build.make CMakeFiles/cmTC_6f914.dir/build
make[1]: Entering directory '/home/ubuntu/Workspace/DetectObstacles/DetectWithHog/build/CMakeFiles/CMakeTmp'
Building C object CMakeFiles/cmTC_6f914.dir/testCCompiler.c.o
/usr/bin/cc     -o CMakeFiles/cmTC_6f914.dir/testCCompiler.c.o   -c /home/ubuntu/Workspace/DetectObstacles/DetectWithHog/build/CMakeFiles/CMakeTmp/testCCompiler.c
Linking C executable cmTC_6f914
/usr/bin/cmake -E cmake_link_script CMakeFiles/cmTC_6f914.dir/link.txt --verbose=1
/usr/bin/cc       CMakeFiles/cmTC_6f914.dir/testCCompiler.c.o  -o cmTC_6f914 -rdynamic 
make[1]: Leaving directory '/home/ubuntu/Workspace/DetectObstacles/DetectWithHog/build/CMakeFiles/CMakeTmp'


Detecting C compiler ABI info compiled with the following output:
Change Dir: /home/ubuntu/Workspace/DetectObstacles/DetectWithHog/build/CMakeFiles/CMakeTmp

Run Build Command:"/usr/bin/make" "cmTC_8ae89/fast"
/usr/bin/make -f CMakeFiles/cmTC_8ae89.dir/build.make CMakeFiles/cmTC_8ae89.dir/build
make[1]: Entering directory '/home/ubuntu/Workspace/DetectObstacles/DetectWithHog/build/CMakeFiles/CMakeTmp'
Building C object CMakeFiles/cmTC_8ae89.dir/CMakeCCompilerABI.c.o
/usr/bin/cc     -o CMakeFiles/cmTC_8ae89.dir/CMakeCCompilerABI.c.o   -c /usr/share/cmake-3.5/Modules/CMakeCCompilerABI.c
Linking C executable cmTC_8ae89
/usr/bin/cmake -E cmake_link_script CMakeFiles/cmTC_8ae89.dir/link.txt --verbose=1
/usr/bin/cc      -v CMakeFiles/cmTC_8ae89.dir/CMakeCCompilerABI.c.o  -o cmTC_8ae89 -rdynamic  
Using built-in specs.
COLLECT_GCC=/usr/bin/cc
COLLECT_LTO_WRAPPER=/usr/lib/gcc/aarch64-linux-gnu/5/lto-wrapper
Target: aarch64-linux-gnu
Configured with: ../src/configure -v --with-pkgversion='Ubuntu/Linaro 5.4.0-6ubuntu1~16.04.2' --with-bugurl=file:///usr/share/doc/gcc-5/README.Bugs --enable-languages=c,ada,c++,java,go,d,fortran,objc,obj-c++ --prefix=/usr --program-suffix=-5 --enable-shared --enable-linker-build-id --libexecdir=/usr/lib --without-included-gettext --enable-threads=posix --libdir=/usr/lib --enable-nls --with-sysroot=/ --enable-clocale=gnu --enable-libstdcxx-debug --enable-libstdcxx-time=yes --with-default-libstdcxx-abi=new --enable-gnu-unique-object --disable-libquadmath --enable-plugin --with-system-zlib --disable-browser-plugin --enable-java-awt=gtk --enable-gtk-cairo --with-java-home=/usr/lib/jvm/java-1.5.0-gcj-5-arm64/jre --enable-java-home --with-jvm-root-dir=/usr/lib/jvm/java-1.5.0-gcj-5-arm64 --with-jvm-jar-dir=/usr/lib/jvm-exports/java-1.5.0-gcj-5-arm64 --with-arch-directory=aarch64 --with-ecj-jar=/usr/share/java/eclipse-ecj.jar --enable-multiarch --enable-fix-cortex-a53-843419 --disable-werror --enable-checking=release --build=aarch64-linux-gnu --host=aarch64-linux-gnu --target=aarch64-linux-gnu
Thread model: posix
gcc version 5.4.0 20160609 (Ubuntu/Linaro 5.4.0-6ubuntu1~16.04.2) 
COMPILER_PATH=/usr/lib/gcc/aarch64-linux-gnu/5/:/usr/lib/gcc/aarch64-linux-gnu/5/:/usr/lib/gcc/aarch64-linux-gnu/:/usr/lib/gcc/aarch64-linux-gnu/5/:/usr/lib/gcc/aarch64-linux-gnu/
LIBRARY_PATH=/usr/lib/gcc/aarch64-linux-gnu/5/:/usr/lib/gcc/aarch64-linux-gnu/5/../../../aarch64-linux-gnu/:/usr/lib/gcc/aarch64-linux-gnu/5/../../../../lib/:/lib/aarch64-linux-gnu/:/lib/../lib/:/usr/lib/aarch64-linux-gnu/:/usr/lib/../lib/:/usr/lib/gcc/aarch64-linux-gnu/5/../../../:/lib/:/usr/lib/
COLLECT_GCC_OPTIONS='-v' '-o' 'cmTC_8ae89' '-rdynamic' '-mlittle-endian' '-mabi=lp64'
 /usr/lib/gcc/aarch64-linux-gnu/5/collect2 -plugin /usr/lib/gcc/aarch64-linux-gnu/5/liblto_plugin.so -plugin-opt=/usr/lib/gcc/aarch64-linux-gnu/5/lto-wrapper -plugin-opt=-fresolution=/tmp/ccoji303.res -plugin-opt=-pass-through=-lgcc -plugin-opt=-pass-through=-lgcc_s -plugin-opt=-pass-through=-lc -plugin-opt=-pass-through=-lgcc -plugin-opt=-pass-through=-lgcc_s --sysroot=/ --build-id --eh-frame-hdr --hash-style=gnu --as-needed -export-dynamic -dynamic-linker /lib/ld-linux-aarch64.so.1 -X -EL -maarch64linux --fix-cortex-a53-843419 -z relro -o cmTC_8ae89 /usr/lib/gcc/aarch64-linux-gnu/5/../../../aarch64-linux-gnu/crt1.o /usr/lib/gcc/aarch64-linux-gnu/5/../../../aarch64-linux-gnu/crti.o /usr/lib/gcc/aarch64-linux-gnu/5/crtbegin.o -L/usr/lib/gcc/aarch64-linux-gnu/5 -L/usr/lib/gcc/aarch64-linux-gnu/5/../../../aarch64-linux-gnu -L/usr/lib/gcc/aarch64-linux-gnu/5/../../../../lib -L/lib/aarch64-linux-gnu -L/lib/../lib -L/usr/lib/aarch64-linux-gnu -L/usr/lib/../lib -L/usr/lib/gcc/aarch64-linux-gnu/5/../../.. CMakeFiles/cmTC_8ae89.dir/CMakeCCompilerABI.c.o -lgcc --as-needed -lgcc_s --no-as-needed -lc -lgcc --as-needed -lgcc_s --no-as-needed /usr/lib/gcc/aarch64-linux-gnu/5/crtend.o /usr/lib/gcc/aarch64-linux-gnu/5/../../../aarch64-linux-gnu/crtn.o
make[1]: Leaving directory '/home/ubuntu/Workspace/DetectObstacles/DetectWithHog/build/CMakeFiles/CMakeTmp'


Parsed C implicit link information from above output:
  link line regex: [^( *|.*[/\])(ld|([^/\]+-)?ld|collect2)[^/\]*( |$)]
  ignore line: [Change Dir: /home/ubuntu/Workspace/DetectObstacles/DetectWithHog/build/CMakeFiles/CMakeTmp]
  ignore line: []
  ignore line: [Run Build Command:"/usr/bin/make" "cmTC_8ae89/fast"]
  ignore line: [/usr/bin/make -f CMakeFiles/cmTC_8ae89.dir/build.make CMakeFiles/cmTC_8ae89.dir/build]
  ignore line: [make[1]: Entering directory '/home/ubuntu/Workspace/DetectObstacles/DetectWithHog/build/CMakeFiles/CMakeTmp']
  ignore line: [Building C object CMakeFiles/cmTC_8ae89.dir/CMakeCCompilerABI.c.o]
  ignore line: [/usr/bin/cc     -o CMakeFiles/cmTC_8ae89.dir/CMakeCCompilerABI.c.o   -c /usr/share/cmake-3.5/Modules/CMakeCCompilerABI.c]
  ignore line: [Linking C executable cmTC_8ae89]
  ignore line: [/usr/bin/cmake -E cmake_link_script CMakeFiles/cmTC_8ae89.dir/link.txt --verbose=1]
  ignore line: [/usr/bin/cc      -v CMakeFiles/cmTC_8ae89.dir/CMakeCCompilerABI.c.o  -o cmTC_8ae89 -rdynamic  ]
  ignore line: [Using built-in specs.]
  ignore line: [COLLECT_GCC=/usr/bin/cc]
  ignore line: [COLLECT_LTO_WRAPPER=/usr/lib/gcc/aarch64-linux-gnu/5/lto-wrapper]
  ignore line: [Target: aarch64-linux-gnu]
  ignore line: [Configured with: ../src/configure -v --with-pkgversion='Ubuntu/Linaro 5.4.0-6ubuntu1~16.04.2' --with-bugurl=file:///usr/share/doc/gcc-5/README.Bugs --enable-languages=c,ada,c++,java,go,d,fortran,objc,obj-c++ --prefix=/usr --program-suffix=-5 --enable-shared --enable-linker-build-id --libexecdir=/usr/lib --without-included-gettext --enable-threads=posix --libdir=/usr/lib --enable-nls --with-sysroot=/ --enable-clocale=gnu --enable-libstdcxx-debug --enable-libstdcxx-time=yes --with-default-libstdcxx-abi=new --enable-gnu-unique-object --disable-libquadmath --enable-plugin --with-system-zlib --disable-browser-plugin --enable-java-awt=gtk --enable-gtk-cairo --with-java-home=/usr/lib/jvm/java-1.5.0-gcj-5-arm64/jre --enable-java-home --with-jvm-root-dir=/usr/lib/jvm/java-1.5.0-gcj-5-arm64 --with-jvm-jar-dir=/usr/lib/jvm-exports/java-1.5.0-gcj-5-arm64 --with-arch-directory=aarch64 --with-ecj-jar=/usr/share/java/eclipse-ecj.jar --enable-multiarch --enable-fix-cortex-a53-843419 --disable-werror --enable-checking=release --build=aarch64-linux-gnu --host=aarch64-linux-gnu --target=aarch64-linux-gnu]
  ignore line: [Thread model: posix]
  ignore line: [gcc version 5.4.0 20160609 (Ubuntu/Linaro 5.4.0-6ubuntu1~16.04.2) ]
  ignore line: [COMPILER_PATH=/usr/lib/gcc/aarch64-linux-gnu/5/:/usr/lib/gcc/aarch64-linux-gnu/5/:/usr/lib/gcc/aarch64-linux-gnu/:/usr/lib/gcc/aarch64-linux-gnu/5/:/usr/lib/gcc/aarch64-linux-gnu/]
  ignore line: [LIBRARY_PATH=/usr/lib/gcc/aarch64-linux-gnu/5/:/usr/lib/gcc/aarch64-linux-gnu/5/../../../aarch64-linux-gnu/:/usr/lib/gcc/aarch64-linux-gnu/5/../../../../lib/:/lib/aarch64-linux-gnu/:/lib/../lib/:/usr/lib/aarch64-linux-gnu/:/usr/lib/../lib/:/usr/lib/gcc/aarch64-linux-gnu/5/../../../:/lib/:/usr/lib/]
  ignore line: [COLLECT_GCC_OPTIONS='-v' '-o' 'cmTC_8ae89' '-rdynamic' '-mlittle-endian' '-mabi=lp64']
  link line: [ /usr/lib/gcc/aarch64-linux-gnu/5/collect2 -plugin /usr/lib/gcc/aarch64-linux-gnu/5/liblto_plugin.so -plugin-opt=/usr/lib/gcc/aarch64-linux-gnu/5/lto-wrapper -plugin-opt=-fresolution=/tmp/ccoji303.res -plugin-opt=-pass-through=-lgcc -plugin-opt=-pass-through=-lgcc_s -plugin-opt=-pass-through=-lc -plugin-opt=-pass-through=-lgcc -plugin-opt=-pass-through=-lgcc_s --sysroot=/ --build-id --eh-frame-hdr --hash-style=gnu --as-needed -export-dynamic -dynamic-linker /lib/ld-linux-aarch64.so.1 -X -EL -maarch64linux --fix-cortex-a53-843419 -z relro -o cmTC_8ae89 /usr/lib/gcc/aarch64-linux-gnu/5/../../../aarch64-linux-gnu/crt1.o /usr/lib/gcc/aarch64-linux-gnu/5/../../../aarch64-linux-gnu/crti.o /usr/lib/gcc/aarch64-linux-gnu/5/crtbegin.o -L/usr/lib/gcc/aarch64-linux-gnu/5 -L/usr/lib/gcc/aarch64-linux-gnu/5/../../../aarch64-linux-gnu -L/usr/lib/gcc/aarch64-linux-gnu/5/../../../../lib -L/lib/aarch64-linux-gnu -L/lib/../lib -L/usr/lib/aarch64-linux-gnu -L/usr/lib/../lib -L/usr/lib/gcc/aarch64-linux-gnu/5/../../.. CMakeFiles/cmTC_8ae89.dir/CMakeCCompilerABI.c.o -lgcc --as-needed -lgcc_s --no-as-needed -lc -lgcc --as-needed -lgcc_s --no-as-needed /usr/lib/gcc/aarch64-linux-gnu/5/crtend.o /usr/lib/gcc/aarch64-linux-gnu/5/../../../aarch64-linux-gnu/crtn.o]
    arg [/usr/lib/gcc/aarch64-linux-gnu/5/collect2] ==> ignore
    arg [-plugin] ==> ignore
    arg [/usr/lib/gcc/aarch64-linux-gnu/5/liblto_plugin.so] ==> ignore
    arg [-plugin-opt=/usr/lib/gcc/aarch64-linux-gnu/5/lto-wrapper] ==> ignore
    arg [-plugin-opt=-fresolution=/tmp/ccoji303.res] ==> ignore
    arg [-plugin-opt=-pass-through=-lgcc] ==> ignore
    arg [-plugin-opt=-pass-through=-lgcc_s] ==> ignore
    arg [-plugin-opt=-pass-through=-lc] ==> ignore
    arg [-plugin-opt=-pass-through=-lgcc] ==> ignore
    arg [-plugin-opt=-pass-through=-lgcc_s] ==> ignore
    arg [--sysroot=/] ==> ignore
    arg [--build-id] ==> ignore
    arg [--eh-frame-hdr] ==> ignore
    arg [--hash-style=gnu] ==> ignore
    arg [--as-needed] ==> ignore
    arg [-export-dynamic] ==> ignore
    arg [-dynamic-linker] ==> ignore
    arg [/lib/ld-linux-aarch64.so.1] ==> ignore
    arg [-X] ==> ignore
    arg [-EL] ==> ignore
    arg [-maarch64linux] ==> ignore
    arg [--fix-cortex-a53-843419] ==> ignore
    arg [-zrelro] ==> ignore
    arg [-o] ==> ignore
    arg [cmTC_8ae89] ==> ignore
    arg [/usr/lib/gcc/aarch64-linux-gnu/5/../../../aarch64-linux-gnu/crt1.o] ==> ignore
    arg [/usr/lib/gcc/aarch64-linux-gnu/5/../../../aarch64-linux-gnu/crti.o] ==> ignore
    arg [/usr/lib/gcc/aarch64-linux-gnu/5/crtbegin.o] ==> ignore
    arg [-L/usr/lib/gcc/aarch64-linux-gnu/5] ==> dir [/usr/lib/gcc/aarch64-linux-gnu/5]
    arg [-L/usr/lib/gcc/aarch64-linux-gnu/5/../../../aarch64-linux-gnu] ==> dir [/usr/lib/gcc/aarch64-linux-gnu/5/../../../aarch64-linux-gnu]
    arg [-L/usr/lib/gcc/aarch64-linux-gnu/5/../../../../lib] ==> dir [/usr/lib/gcc/aarch64-linux-gnu/5/../../../../lib]
    arg [-L/lib/aarch64-linux-gnu] ==> dir [/lib/aarch64-linux-gnu]
    arg [-L/lib/../lib] ==> dir [/lib/../lib]
    arg [-L/usr/lib/aarch64-linux-gnu] ==> dir [/usr/lib/aarch64-linux-gnu]
    arg [-L/usr/lib/../lib] ==> dir [/usr/lib/../lib]
    arg [-L/usr/lib/gcc/aarch64-linux-gnu/5/../../..] ==> dir [/usr/lib/gcc/aarch64-linux-gnu/5/../../..]
    arg [CMakeFiles/cmTC_8ae89.dir/CMakeCCompilerABI.c.o] ==> ignore
    arg [-lgcc] ==> lib [gcc]
    arg [--as-needed] ==> ignore
    arg [-lgcc_s] ==> lib [gcc_s]
    arg [--no-as-needed] ==> ignore
    arg [-lc] ==> lib [c]
    arg [-lgcc] ==> lib [gcc]
    arg [--as-needed] ==> ignore
    arg [-lgcc_s] ==> lib [gcc_s]
    arg [--no-as-needed] ==> ignore
    arg [/usr/lib/gcc/aarch64-linux-gnu/5/crtend.o] ==> ignore
    arg [/usr/lib/gcc/aarch64-linux-gnu/5/../../../aarch64-linux-gnu/crtn.o] ==> ignore
  remove lib [gcc]
  remove lib [gcc_s]
  remove lib [gcc]
  remove lib [gcc_s]
  collapse library dir [/usr/lib/gcc/aarch64-linux-gnu/5] ==> [/usr/lib/gcc/aarch64-linux-gnu/5]
  collapse library dir [/usr/lib/gcc/aarch64-linux-gnu/5/../../../aarch64-linux-gnu] ==> [/usr/lib/aarch64-linux-gnu]
  collapse library dir [/usr/lib/gcc/aarch64-linux-gnu/5/../../../../lib] ==> [/usr/lib]
  collapse library dir [/lib/aarch64-linux-gnu] ==> [/lib/aarch64-linux-gnu]
  collapse library dir [/lib/../lib] ==> [/lib]
  collapse library dir [/usr/lib/aarch64-linux-gnu] ==> [/usr/lib/aarch64-linux-gnu]
  collapse library dir [/usr/lib/../lib] ==> [/usr/lib]
  collapse library dir [/usr/lib/gcc/aarch64-linux-gnu/5/../../..] ==> [/usr/lib]
  implicit libs: [c]
  implicit dirs: [/usr/lib/gcc/aarch64-linux-gnu/5;/usr/lib/aarch64-linux-gnu;/usr/lib;/lib/aarch64-linux-gnu;/lib]
  implicit fwks: []




Detecting C [-std=c11] compiler features compiled with the following output:
Change Dir: /home/ubuntu/Workspace/DetectObstacles/DetectWithHog/build/CMakeFiles/CMakeTmp

Run Build Command:"/usr/bin/make" "cmTC_d549b/fast"
/usr/bin/make -f CMakeFiles/cmTC_d549b.dir/build.make CMakeFiles/cmTC_d549b.dir/build
make[1]: Entering directory '/home/ubuntu/Workspace/DetectObstacles/DetectWithHog/build/CMakeFiles/CMakeTmp'
Building C object CMakeFiles/cmTC_d549b.dir/feature_tests.c.o
/usr/bin/cc    -std=c11 -o CMakeFiles/cmTC_d549b.dir/feature_tests.c.o   -c /home/ubuntu/Workspace/DetectObstacles/DetectWithHog/build/CMakeFiles/feature_tests.c
Linking C executable cmTC_d549b
/usr/bin/cmake -E cmake_link_script CMakeFiles/cmTC_d549b.dir/link.txt --verbose=1
/usr/bin/cc       CMakeFiles/cmTC_d549b.dir/feature_tests.c.o  -o cmTC_d549b -rdynamic 
make[1]: Leaving directory '/home/ubuntu/Workspace/DetectObstacles/DetectWithHog/build/CMakeFiles/CMakeTmp'


    Feature record: C_FEATURE:1c_function_prototypes
    Feature record: C_FEATURE:1c_restrict
    Feature record: C_FEATURE:1c_static_assert
    Feature record: C_FEATURE:1c_variadic_macros


Detecting C [-std=c99] compiler features compiled with the following output:
Change Dir: /home/ubuntu/Workspace/DetectObstacles/DetectWithHog/build/CMakeFiles/CMakeTmp

Run Build Command:"/usr/bin/make" "cmTC_64078/fast"
/usr/bin/make -f CMakeFiles/cmTC_64078.dir/build.make CMakeFiles/cmTC_64078.dir/build
make[1]: Entering directory '/home/ubuntu/Workspace/DetectObstacles/DetectWithHog/build/CMakeFiles/CMakeTmp'
Building C object CMakeFiles/cmTC_64078.dir/feature_tests.c.o
/usr/bin/cc    -std=c99 -o CMakeFiles/cmTC_64078.dir/feature_tests.c.o   -c /home/ubuntu/Workspace/DetectObstacles/DetectWithHog/build/CMakeFiles/feature_tests.c
Linking C executable cmTC_64078
/usr/bin/cmake -E cmake_link_script CMakeFiles/cmTC_64078.dir/link.txt --verbose=1
/usr/bin/cc       CMakeFiles/cmTC_64078.dir/feature_tests.c.o  -o cmTC_64078 -rdynamic 
make[1]: Leaving directory '/home/ubuntu/Workspace/DetectObstacles/DetectWithHog/build/CMakeFiles/CMakeTmp'


    Feature record: C_FEATURE:1c_function_prototypes
    Feature record: C_FEATURE:1c_restrict
    Feature record: C_FEATURE:0c_static_assert
    Feature record: C_FEATURE:1c_variadic_macros


Detecting C [-std=c90] compiler features compiled with the following output:
Change Dir: /home/ubuntu/Workspace/DetectObstacles/DetectWithHog/build/CMakeFiles/CMakeTmp

Run Build Command:"/usr/bin/make" "cmTC_3c6f0/fast"
/usr/bin/make -f CMakeFiles/cmTC_3c6f0.dir/build.make CMakeFiles/cmTC_3c6f0.dir/build
make[1]: Entering directory '/home/ubuntu/Workspace/DetectObstacles/DetectWithHog/build/CMakeFiles/CMakeTmp'
Building C object CMakeFiles/cmTC_3c6f0.dir/feature_tests.c.o
/usr/bin/cc    -std=c90 -o CMakeFiles/cmTC_3c6f0.dir/feature_tests.c.o   -c /home/ubuntu/Workspace/DetectObstacles/DetectWithHog/build/CMakeFiles/feature_tests.c
Linking C executable cmTC_3c6f0
/usr/bin/cmake -E cmake_link_script CMakeFiles/cmTC_3c6f0.dir/link.txt --verbose=1
/usr/bin/cc       CMakeFiles/cmTC_3c6f0.dir/feature_tests.c.o  -o cmTC_3c6f0 -rdynamic 
make[1]: Leaving directory '/home/ubuntu/Workspace/DetectObstacles/DetectWithHog/build/CMakeFiles/CMakeTmp'


    Feature record: C_FEATURE:1c_function_prototypes
    Feature record: C_FEATURE:0c_restrict
    Feature record: C_FEATURE:0c_static_assert
    Feature record: C_FEATURE:0c_variadic_macros
Determining if the CXX compiler works passed with the following output:
Change Dir: /home/ubuntu/Workspace/DetectObstacles/DetectWithHog/build/CMakeFiles/CMakeTmp

Run Build Command:"/usr/bin/make" "cmTC_c29a8/fast"
/usr/bin/make -f CMakeFiles/cmTC_c29a8.dir/build.make CMakeFiles/cmTC_c29a8.dir/build
make[1]: Entering directory '/home/ubuntu/Workspace/DetectObstacles/DetectWithHog/build/CMakeFiles/CMakeTmp'
Building CXX object CMakeFiles/cmTC_c29a8.dir/testCXXCompiler.cxx.o
/usr/bin/c++      -o CMakeFiles/cmTC_c29a8.dir/testCXXCompiler.cxx.o -c /home/ubuntu/Workspace/DetectObstacles/DetectWithHog/build/CMakeFiles/CMakeTmp/testCXXCompiler.cxx
Linking CXX executable cmTC_c29a8
/usr/bin/cmake -E cmake_link_script CMakeFiles/cmTC_c29a8.dir/link.txt --verbose=1
/usr/bin/c++        CMakeFiles/cmTC_c29a8.dir/testCXXCompiler.cxx.o  -o cmTC_c29a8 -rdynamic 
make[1]: Leaving directory '/home/ubuntu/Workspace/DetectObstacles/DetectWithHog/build/CMakeFiles/CMakeTmp'


Detecting CXX compiler ABI info compiled with the following output:
Change Dir: /home/ubuntu/Workspace/DetectObstacles/DetectWithHog/build/CMakeFiles/CMakeTmp

Run Build Command:"/usr/bin/make" "cmTC_9c93d/fast"
/usr/bin/make -f CMakeFiles/cmTC_9c93d.dir/build.make CMakeFiles/cmTC_9c93d.dir/build
make[1]: Entering directory '/home/ubuntu/Workspace/DetectObstacles/DetectWithHog/build/CMakeFiles/CMakeTmp'
Building CXX object CMakeFiles/cmTC_9c93d.dir/CMakeCXXCompilerABI.cpp.o
/usr/bin/c++      -o CMakeFiles/cmTC_9c93d.dir/CMakeCXXCompilerABI.cpp.o -c /usr/share/cmake-3.5/Modules/CMakeCXXCompilerABI.cpp
Linking CXX executable cmTC_9c93d
/usr/bin/cmake -E cmake_link_script CMakeFiles/cmTC_9c93d.dir/link.txt --verbose=1
/usr/bin/c++       -v CMakeFiles/cmTC_9c93d.dir/CMakeCXXCompilerABI.cpp.o  -o cmTC_9c93d -rdynamic  
Using built-in specs.
COLLECT_GCC=/usr/bin/c++
COLLECT_LTO_WRAPPER=/usr/lib/gcc/aarch64-linux-gnu/5/lto-wrapper
Target: aarch64-linux-gnu
Configured with: ../src/configure -v --with-pkgversion='Ubuntu/Linaro 5.4.0-6ubuntu1~16.04.2' --with-bugurl=file:///usr/share/doc/gcc-5/README.Bugs --enable-languages=c,ada,c++,java,go,d,fortran,objc,obj-c++ --prefix=/usr --program-suffix=-5 --enable-shared --enable-linker-build-id --libexecdir=/usr/lib --without-included-gettext --enable-threads=posix --libdir=/usr/lib --enable-nls --with-sysroot=/ --enable-clocale=gnu --enable-libstdcxx-debug --enable-libstdcxx-time=yes --with-default-libstdcxx-abi=new --enable-gnu-unique-object --disable-libquadmath --enable-plugin --with-system-zlib --disable-browser-plugin --enable-java-awt=gtk --enable-gtk-cairo --with-java-home=/usr/lib/jvm/java-1.5.0-gcj-5-arm64/jre --enable-java-home --with-jvm-root-dir=/usr/lib/jvm/java-1.5.0-gcj-5-arm64 --with-jvm-jar-dir=/usr/lib/jvm-exports/java-1.5.0-gcj-5-arm64 --with-arch-directory=aarch64 --with-ecj-jar=/usr/share/java/eclipse-ecj.jar --enable-multiarch --enable-fix-cortex-a53-843419 --disable-werror --enable-checking=release --build=aarch64-linux-gnu --host=aarch64-linux-gnu --target=aarch64-linux-gnu
Thread model: posix
gcc version 5.4.0 20160609 (Ubuntu/Linaro 5.4.0-6ubuntu1~16.04.2) 
COMPILER_PATH=/usr/lib/gcc/aarch64-linux-gnu/5/:/usr/lib/gcc/aarch64-linux-gnu/5/:/usr/lib/gcc/aarch64-linux-gnu/:/usr/lib/gcc/aarch64-linux-gnu/5/:/usr/lib/gcc/aarch64-linux-gnu/
LIBRARY_PATH=/usr/lib/gcc/aarch64-linux-gnu/5/:/usr/lib/gcc/aarch64-linux-gnu/5/../../../aarch64-linux-gnu/:/usr/lib/gcc/aarch64-linux-gnu/5/../../../../lib/:/lib/aarch64-linux-gnu/:/lib/../lib/:/usr/lib/aarch64-linux-gnu/:/usr/lib/../lib/:/usr/lib/gcc/aarch64-linux-gnu/5/../../../:/lib/:/usr/lib/
COLLECT_GCC_OPTIONS='-v' '-o' 'cmTC_9c93d' '-rdynamic' '-shared-libgcc' '-mlittle-endian' '-mabi=lp64'
 /usr/lib/gcc/aarch64-linux-gnu/5/collect2 -plugin /usr/lib/gcc/aarch64-linux-gnu/5/liblto_plugin.so -plugin-opt=/usr/lib/gcc/aarch64-linux-gnu/5/lto-wrapper -plugin-opt=-fresolution=/tmp/ccempLW2.res -plugin-opt=-pass-through=-lgcc_s -plugin-opt=-pass-through=-lgcc -plugin-opt=-pass-through=-lc -plugin-opt=-pass-through=-lgcc_s -plugin-opt=-pass-through=-lgcc --sysroot=/ --build-id --eh-frame-hdr --hash-style=gnu --as-needed -export-dynamic -dynamic-linker /lib/ld-linux-aarch64.so.1 -X -EL -maarch64linux --fix-cortex-a53-843419 -z relro -o cmTC_9c93d /usr/lib/gcc/aarch64-linux-gnu/5/../../../aarch64-linux-gnu/crt1.o /usr/lib/gcc/aarch64-linux-gnu/5/../../../aarch64-linux-gnu/crti.o /usr/lib/gcc/aarch64-linux-gnu/5/crtbegin.o -L/usr/lib/gcc/aarch64-linux-gnu/5 -L/usr/lib/gcc/aarch64-linux-gnu/5/../../../aarch64-linux-gnu -L/usr/lib/gcc/aarch64-linux-gnu/5/../../../../lib -L/lib/aarch64-linux-gnu -L/lib/../lib -L/usr/lib/aarch64-linux-gnu -L/usr/lib/../lib -L/usr/lib/gcc/aarch64-linux-gnu/5/../../.. CMakeFiles/cmTC_9c93d.dir/CMakeCXXCompilerABI.cpp.o -lstdc++ -lm -lgcc_s -lgcc -lc -lgcc_s -lgcc /usr/lib/gcc/aarch64-linux-gnu/5/crtend.o /usr/lib/gcc/aarch64-linux-gnu/5/../../../aarch64-linux-gnu/crtn.o
make[1]: Leaving directory '/home/ubuntu/Workspace/DetectObstacles/DetectWithHog/build/CMakeFiles/CMakeTmp'


Parsed CXX implicit link information from above output:
  link line regex: [^( *|.*[/\])(ld|([^/\]+-)?ld|collect2)[^/\]*( |$)]
  ignore line: [Change Dir: /home/ubuntu/Workspace/DetectObstacles/DetectWithHog/build/CMakeFiles/CMakeTmp]
  ignore line: []
  ignore line: [Run Build Command:"/usr/bin/make" "cmTC_9c93d/fast"]
  ignore line: [/usr/bin/make -f CMakeFiles/cmTC_9c93d.dir/build.make CMakeFiles/cmTC_9c93d.dir/build]
  ignore line: [make[1]: Entering directory '/home/ubuntu/Workspace/DetectObstacles/DetectWithHog/build/CMakeFiles/CMakeTmp']
  ignore line: [Building CXX object CMakeFiles/cmTC_9c93d.dir/CMakeCXXCompilerABI.cpp.o]
  ignore line: [/usr/bin/c++      -o CMakeFiles/cmTC_9c93d.dir/CMakeCXXCompilerABI.cpp.o -c /usr/share/cmake-3.5/Modules/CMakeCXXCompilerABI.cpp]
  ignore line: [Linking CXX executable cmTC_9c93d]
  ignore line: [/usr/bin/cmake -E cmake_link_script CMakeFiles/cmTC_9c93d.dir/link.txt --verbose=1]
  ignore line: [/usr/bin/c++       -v CMakeFiles/cmTC_9c93d.dir/CMakeCXXCompilerABI.cpp.o  -o cmTC_9c93d -rdynamic  ]
  ignore line: [Using built-in specs.]
  ignore line: [COLLECT_GCC=/usr/bin/c++]
  ignore line: [COLLECT_LTO_WRAPPER=/usr/lib/gcc/aarch64-linux-gnu/5/lto-wrapper]
  ignore line: [Target: aarch64-linux-gnu]
  ignore line: [Configured with: ../src/configure -v --with-pkgversion='Ubuntu/Linaro 5.4.0-6ubuntu1~16.04.2' --with-bugurl=file:///usr/share/doc/gcc-5/README.Bugs --enable-languages=c,ada,c++,java,go,d,fortran,objc,obj-c++ --prefix=/usr --program-suffix=-5 --enable-shared --enable-linker-build-id --libexecdir=/usr/lib --without-included-gettext --enable-threads=posix --libdir=/usr/lib --enable-nls --with-sysroot=/ --enable-clocale=gnu --enable-libstdcxx-debug --enable-libstdcxx-time=yes --with-default-libstdcxx-abi=new --enable-gnu-unique-object --disable-libquadmath --enable-plugin --with-system-zlib --disable-browser-plugin --enable-java-awt=gtk --enable-gtk-cairo --with-java-home=/usr/lib/jvm/java-1.5.0-gcj-5-arm64/jre --enable-java-home --with-jvm-root-dir=/usr/lib/jvm/java-1.5.0-gcj-5-arm64 --with-jvm-jar-dir=/usr/lib/jvm-exports/java-1.5.0-gcj-5-arm64 --with-arch-directory=aarch64 --with-ecj-jar=/usr/share/java/eclipse-ecj.jar --enable-multiarch --enable-fix-cortex-a53-843419 --disable-werror --enable-checking=release --build=aarch64-linux-gnu --host=aarch64-linux-gnu --target=aarch64-linux-gnu]
  ignore line: [Thread model: posix]
  ignore line: [gcc version 5.4.0 20160609 (Ubuntu/Linaro 5.4.0-6ubuntu1~16.04.2) ]
  ignore line: [COMPILER_PATH=/usr/lib/gcc/aarch64-linux-gnu/5/:/usr/lib/gcc/aarch64-linux-gnu/5/:/usr/lib/gcc/aarch64-linux-gnu/:/usr/lib/gcc/aarch64-linux-gnu/5/:/usr/lib/gcc/aarch64-linux-gnu/]
  ignore line: [LIBRARY_PATH=/usr/lib/gcc/aarch64-linux-gnu/5/:/usr/lib/gcc/aarch64-linux-gnu/5/../../../aarch64-linux-gnu/:/usr/lib/gcc/aarch64-linux-gnu/5/../../../../lib/:/lib/aarch64-linux-gnu/:/lib/../lib/:/usr/lib/aarch64-linux-gnu/:/usr/lib/../lib/:/usr/lib/gcc/aarch64-linux-gnu/5/../../../:/lib/:/usr/lib/]
  ignore line: [COLLECT_GCC_OPTIONS='-v' '-o' 'cmTC_9c93d' '-rdynamic' '-shared-libgcc' '-mlittle-endian' '-mabi=lp64']
  link line: [ /usr/lib/gcc/aarch64-linux-gnu/5/collect2 -plugin /usr/lib/gcc/aarch64-linux-gnu/5/liblto_plugin.so -plugin-opt=/usr/lib/gcc/aarch64-linux-gnu/5/lto-wrapper -plugin-opt=-fresolution=/tmp/ccempLW2.res -plugin-opt=-pass-through=-lgcc_s -plugin-opt=-pass-through=-lgcc -plugin-opt=-pass-through=-lc -plugin-opt=-pass-through=-lgcc_s -plugin-opt=-pass-through=-lgcc --sysroot=/ --build-id --eh-frame-hdr --hash-style=gnu --as-needed -export-dynamic -dynamic-linker /lib/ld-linux-aarch64.so.1 -X -EL -maarch64linux --fix-cortex-a53-843419 -z relro -o cmTC_9c93d /usr/lib/gcc/aarch64-linux-gnu/5/../../../aarch64-linux-gnu/crt1.o /usr/lib/gcc/aarch64-linux-gnu/5/../../../aarch64-linux-gnu/crti.o /usr/lib/gcc/aarch64-linux-gnu/5/crtbegin.o -L/usr/lib/gcc/aarch64-linux-gnu/5 -L/usr/lib/gcc/aarch64-linux-gnu/5/../../../aarch64-linux-gnu -L/usr/lib/gcc/aarch64-linux-gnu/5/../../../../lib -L/lib/aarch64-linux-gnu -L/lib/../lib -L/usr/lib/aarch64-linux-gnu -L/usr/lib/../lib -L/usr/lib/gcc/aarch64-linux-gnu/5/../../.. CMakeFiles/cmTC_9c93d.dir/CMakeCXXCompilerABI.cpp.o -lstdc++ -lm -lgcc_s -lgcc -lc -lgcc_s -lgcc /usr/lib/gcc/aarch64-linux-gnu/5/crtend.o /usr/lib/gcc/aarch64-linux-gnu/5/../../../aarch64-linux-gnu/crtn.o]
    arg [/usr/lib/gcc/aarch64-linux-gnu/5/collect2] ==> ignore
    arg [-plugin] ==> ignore
    arg [/usr/lib/gcc/aarch64-linux-gnu/5/liblto_plugin.so] ==> ignore
    arg [-plugin-opt=/usr/lib/gcc/aarch64-linux-gnu/5/lto-wrapper] ==> ignore
    arg [-plugin-opt=-fresolution=/tmp/ccempLW2.res] ==> ignore
    arg [-plugin-opt=-pass-through=-lgcc_s] ==> ignore
    arg [-plugin-opt=-pass-through=-lgcc] ==> ignore
    arg [-plugin-opt=-pass-through=-lc] ==> ignore
    arg [-plugin-opt=-pass-through=-lgcc_s] ==> ignore
    arg [-plugin-opt=-pass-through=-lgcc] ==> ignore
    arg [--sysroot=/] ==> ignore
    arg [--build-id] ==> ignore
    arg [--eh-frame-hdr] ==> ignore
    arg [--hash-style=gnu] ==> ignore
    arg [--as-needed] ==> ignore
    arg [-export-dynamic] ==> ignore
    arg [-dynamic-linker] ==> ignore
    arg [/lib/ld-linux-aarch64.so.1] ==> ignore
    arg [-X] ==> ignore
    arg [-EL] ==> ignore
    arg [-maarch64linux] ==> ignore
    arg [--fix-cortex-a53-843419] ==> ignore
    arg [-zrelro] ==> ignore
    arg [-o] ==> ignore
    arg [cmTC_9c93d] ==> ignore
    arg [/usr/lib/gcc/aarch64-linux-gnu/5/../../../aarch64-linux-gnu/crt1.o] ==> ignore
    arg [/usr/lib/gcc/aarch64-linux-gnu/5/../../../aarch64-linux-gnu/crti.o] ==> ignore
    arg [/usr/lib/gcc/aarch64-linux-gnu/5/crtbegin.o] ==> ignore
    arg [-L/usr/lib/gcc/aarch64-linux-gnu/5] ==> dir [/usr/lib/gcc/aarch64-linux-gnu/5]
    arg [-L/usr/lib/gcc/aarch64-linux-gnu/5/../../../aarch64-linux-gnu] ==> dir [/usr/lib/gcc/aarch64-linux-gnu/5/../../../aarch64-linux-gnu]
    arg [-L/usr/lib/gcc/aarch64-linux-gnu/5/../../../../lib] ==> dir [/usr/lib/gcc/aarch64-linux-gnu/5/../../../../lib]
    arg [-L/lib/aarch64-linux-gnu] ==> dir [/lib/aarch64-linux-gnu]
    arg [-L/lib/../lib] ==> dir [/lib/../lib]
    arg [-L/usr/lib/aarch64-linux-gnu] ==> dir [/usr/lib/aarch64-linux-gnu]
    arg [-L/usr/lib/../lib] ==> dir [/usr/lib/../lib]
    arg [-L/usr/lib/gcc/aarch64-linux-gnu/5/../../..] ==> dir [/usr/lib/gcc/aarch64-linux-gnu/5/../../..]
    arg [CMakeFiles/cmTC_9c93d.dir/CMakeCXXCompilerABI.cpp.o] ==> ignore
    arg [-lstdc++] ==> lib [stdc++]
    arg [-lm] ==> lib [m]
    arg [-lgcc_s] ==> lib [gcc_s]
    arg [-lgcc] ==> lib [gcc]
    arg [-lc] ==> lib [c]
    arg [-lgcc_s] ==> lib [gcc_s]
    arg [-lgcc] ==> lib [gcc]
    arg [/usr/lib/gcc/aarch64-linux-gnu/5/crtend.o] ==> ignore
    arg [/usr/lib/gcc/aarch64-linux-gnu/5/../../../aarch64-linux-gnu/crtn.o] ==> ignore
  remove lib [gcc_s]
  remove lib [gcc]
  remove lib [gcc_s]
  remove lib [gcc]
  collapse library dir [/usr/lib/gcc/aarch64-linux-gnu/5] ==> [/usr/lib/gcc/aarch64-linux-gnu/5]
  collapse library dir [/usr/lib/gcc/aarch64-linux-gnu/5/../../../aarch64-linux-gnu] ==> [/usr/lib/aarch64-linux-gnu]
  collapse library dir [/usr/lib/gcc/aarch64-linux-gnu/5/../../../../lib] ==> [/usr/lib]
  collapse library dir [/lib/aarch64-linux-gnu] ==> [/lib/aarch64-linux-gnu]
  collapse library dir [/lib/../lib] ==> [/lib]
  collapse library dir [/usr/lib/aarch64-linux-gnu] ==> [/usr/lib/aarch64-linux-gnu]
  collapse library dir [/usr/lib/../lib] ==> [/usr/lib]
  collapse library dir [/usr/lib/gcc/aarch64-linux-gnu/5/../../..] ==> [/usr/lib]
  implicit libs: [stdc++;m;c]
  implicit dirs: [/usr/lib/gcc/aarch64-linux-gnu/5;/usr/lib/aarch64-linux-gnu;/usr/lib;/lib/aarch64-linux-gnu;/lib]
  implicit fwks: []




Detecting CXX [-std=c++14] compiler features compiled with the following output:
Change Dir: /home/ubuntu/Workspace/DetectObstacles/DetectWithHog/build/CMakeFiles/CMakeTmp

Run Build Command:"/usr/bin/make" "cmTC_5e860/fast"
/usr/bin/make -f CMakeFiles/cmTC_5e860.dir/build.make CMakeFiles/cmTC_5e860.dir/build
make[1]: Entering directory '/home/ubuntu/Workspace/DetectObstacles/DetectWithHog/build/CMakeFiles/CMakeTmp'
Building CXX object CMakeFiles/cmTC_5e860.dir/feature_tests.cxx.o
/usr/bin/c++     -std=c++14 -o CMakeFiles/cmTC_5e860.dir/feature_tests.cxx.o -c /home/ubuntu/Workspace/DetectObstacles/DetectWithHog/build/CMakeFiles/feature_tests.cxx
Linking CXX executable cmTC_5e860
/usr/bin/cmake -E cmake_link_script CMakeFiles/cmTC_5e860.dir/link.txt --verbose=1
/usr/bin/c++        CMakeFiles/cmTC_5e860.dir/feature_tests.cxx.o  -o cmTC_5e860 -rdynamic 
make[1]: Leaving directory '/home/ubuntu/Workspace/DetectObstacles/DetectWithHog/build/CMakeFiles/CMakeTmp'


    Feature record: CXX_FEATURE:1cxx_aggregate_default_initializers
    Feature record: CXX_FEATURE:1cxx_alias_templates
    Feature record: CXX_FEATURE:1cxx_alignas
    Feature record: CXX_FEATURE:1cxx_alignof
    Feature record: CXX_FEATURE:1cxx_attributes
    Feature record: CXX_FEATURE:1cxx_attribute_deprecated
    Feature record: CXX_FEATURE:1cxx_auto_type
    Feature record: CXX_FEATURE:1cxx_binary_literals
    Feature record: CXX_FEATURE:1cxx_constexpr
    Feature record: CXX_FEATURE:1cxx_contextual_conversions
    Feature record: CXX_FEATURE:1cxx_decltype
    Feature record: CXX_FEATURE:1cxx_decltype_auto
    Feature record: CXX_FEATURE:1cxx_decltype_incomplete_return_types
    Feature record: CXX_FEATURE:1cxx_default_function_template_args
    Feature record: CXX_FEATURE:1cxx_defaulted_functions
    Feature record: CXX_FEATURE:1cxx_defaulted_move_initializers
    Feature record: CXX_FEATURE:1cxx_delegating_constructors
    Feature record: CXX_FEATURE:1cxx_deleted_functions
    Feature record: CXX_FEATURE:1cxx_digit_separators
    Feature record: CXX_FEATURE:1cxx_enum_forward_declarations
    Feature record: CXX_FEATURE:1cxx_explicit_conversions
    Feature record: CXX_FEATURE:1cxx_extended_friend_declarations
    Feature record: CXX_FEATURE:1cxx_extern_templates
    Feature record: CXX_FEATURE:1cxx_final
    Feature record: CXX_FEATURE:1cxx_func_identifier
    Feature record: CXX_FEATURE:1cxx_generalized_initializers
    Feature record: CXX_FEATURE:1cxx_generic_lambdas
    Feature record: CXX_FEATURE:1cxx_inheriting_constructors
    Feature record: CXX_FEATURE:1cxx_inline_namespaces
    Feature record: CXX_FEATURE:1cxx_lambdas
    Feature record: CXX_FEATURE:1cxx_lambda_init_captures
    Feature record: CXX_FEATURE:1cxx_local_type_template_args
    Feature record: CXX_FEATURE:1cxx_long_long_type
    Feature record: CXX_FEATURE:1cxx_noexcept
    Feature record: CXX_FEATURE:1cxx_nonstatic_member_init
    Feature record: CXX_FEATURE:1cxx_nullptr
    Feature record: CXX_FEATURE:1cxx_override
    Feature record: CXX_FEATURE:1cxx_range_for
    Feature record: CXX_FEATURE:1cxx_raw_string_literals
    Feature record: CXX_FEATURE:1cxx_reference_qualified_functions
    Feature record: CXX_FEATURE:1cxx_relaxed_constexpr
    Feature record: CXX_FEATURE:1cxx_return_type_deduction
    Feature record: CXX_FEATURE:1cxx_right_angle_brackets
    Feature record: CXX_FEATURE:1cxx_rvalue_references
    Feature record: CXX_FEATURE:1cxx_sizeof_member
    Feature record: CXX_FEATURE:1cxx_static_assert
    Feature record: CXX_FEATURE:1cxx_strong_enums
    Feature record: CXX_FEATURE:1cxx_template_template_parameters
    Feature record: CXX_FEATURE:1cxx_thread_local
    Feature record: CXX_FEATURE:1cxx_trailing_return_types
    Feature record: CXX_FEATURE:1cxx_unicode_literals
    Feature record: CXX_FEATURE:1cxx_uniform_initialization
    Feature record: CXX_FEATURE:1cxx_unrestricted_unions
    Feature record: CXX_FEATURE:1cxx_user_literals
    Feature record: CXX_FEATURE:1cxx_variable_templates
    Feature record: CXX_FEATURE:1cxx_variadic_macros
    Feature record: CXX_FEATURE:1cxx_variadic_templates


Detecting CXX [-std=c++11] compiler features compiled with the following output:
Change Dir: /home/ubuntu/Workspace/DetectObstacles/DetectWithHog/build/CMakeFiles/CMakeTmp

Run Build Command:"/usr/bin/make" "cmTC_b2987/fast"
/usr/bin/make -f CMakeFiles/cmTC_b2987.dir/build.make CMakeFiles/cmTC_b2987.dir/build
make[1]: Entering directory '/home/ubuntu/Workspace/DetectObstacles/DetectWithHog/build/CMakeFiles/CMakeTmp'
Building CXX object CMakeFiles/cmTC_b2987.dir/feature_tests.cxx.o
/usr/bin/c++     -std=c++11 -o CMakeFiles/cmTC_b2987.dir/feature_tests.cxx.o -c /home/ubuntu/Workspace/DetectObstacles/DetectWithHog/build/CMakeFiles/feature_tests.cxx
Linking CXX executable cmTC_b2987
/usr/bin/cmake -E cmake_link_script CMakeFiles/cmTC_b2987.dir/link.txt --verbose=1
/usr/bin/c++        CMakeFiles/cmTC_b2987.dir/feature_tests.cxx.o  -o cmTC_b2987 -rdynamic 
make[1]: Leaving directory '/home/ubuntu/Workspace/DetectObstacles/DetectWithHog/build/CMakeFiles/CMakeTmp'


    Feature record: CXX_FEATURE:0cxx_aggregate_default_initializers
    Feature record: CXX_FEATURE:1cxx_alias_templates
    Feature record: CXX_FEATURE:1cxx_alignas
    Feature record: CXX_FEATURE:1cxx_alignof
    Feature record: CXX_FEATURE:1cxx_attributes
    Feature record: CXX_FEATURE:0cxx_attribute_deprecated
    Feature record: CXX_FEATURE:1cxx_auto_type
    Feature record: CXX_FEATURE:0cxx_binary_literals
    Feature record: CXX_FEATURE:1cxx_constexpr
    Feature record: CXX_FEATURE:0cxx_contextual_conversions
    Feature record: CXX_FEATURE:1cxx_decltype
    Feature record: CXX_FEATURE:0cxx_decltype_auto
    Feature record: CXX_FEATURE:1cxx_decltype_incomplete_return_types
    Feature record: CXX_FEATURE:1cxx_default_function_template_args
    Feature record: CXX_FEATURE:1cxx_defaulted_functions
    Feature record: CXX_FEATURE:1cxx_defaulted_move_initializers
    Feature record: CXX_FEATURE:1cxx_delegating_constructors
    Feature record: CXX_FEATURE:1cxx_deleted_functions
    Feature record: CXX_FEATURE:0cxx_digit_separators
    Feature record: CXX_FEATURE:1cxx_enum_forward_declarations
    Feature record: CXX_FEATURE:1cxx_explicit_conversions
    Feature record: CXX_FEATURE:1cxx_extended_friend_declarations
    Feature record: CXX_FEATURE:1cxx_extern_templates
    Feature record: CXX_FEATURE:1cxx_final
    Feature record: CXX_FEATURE:1cxx_func_identifier
    Feature record: CXX_FEATURE:1cxx_generalized_initializers
    Feature record: CXX_FEATURE:0cxx_generic_lambdas
    Feature record: CXX_FEATURE:1cxx_inheriting_constructors
    Feature record: CXX_FEATURE:1cxx_inline_namespaces
    Feature record: CXX_FEATURE:1cxx_lambdas
    Feature record: CXX_FEATURE:0cxx_lambda_init_captures
    Feature record: CXX_FEATURE:1cxx_local_type_template_args
    Feature record: CXX_FEATURE:1cxx_long_long_type
    Feature record: CXX_FEATURE:1cxx_noexcept
    Feature record: CXX_FEATURE:1cxx_nonstatic_member_init
    Feature record: CXX_FEATURE:1cxx_nullptr
    Feature record: CXX_FEATURE:1cxx_override
    Feature record: CXX_FEATURE:1cxx_range_for
    Feature record: CXX_FEATURE:1cxx_raw_string_literals
    Feature record: CXX_FEATURE:1cxx_reference_qualified_functions
    Feature record: CXX_FEATURE:0cxx_relaxed_constexpr
    Feature record: CXX_FEATURE:0cxx_return_type_deduction
    Feature record: CXX_FEATURE:1cxx_right_angle_brackets
    Feature record: CXX_FEATURE:1cxx_rvalue_references
    Feature record: CXX_FEATURE:1cxx_sizeof_member
    Feature record: CXX_FEATURE:1cxx_static_assert
    Feature record: CXX_FEATURE:1cxx_strong_enums
    Feature record: CXX_FEATURE:1cxx_template_template_parameters
    Feature record: CXX_FEATURE:1cxx_thread_local
    Feature record: CXX_FEATURE:1cxx_trailing_return_types
    Feature record: CXX_FEATURE:1cxx_unicode_literals
    Feature record: CXX_FEATURE:1cxx_uniform_initialization
    Feature record: CXX_FEATURE:1cxx_unrestricted_unions
    Feature record: CXX_FEATURE:1cxx_user_literals
    Feature record: CXX_FEATURE:0cxx_variable_templates
    Feature record: CXX_FEATURE:1cxx_variadic_macros
    Feature record: CXX_FEATURE:1cxx_variadic_templates


Detecting CXX [-std=c++98] compiler features compiled with the following output:
Change Dir: /home/ubuntu/Workspace/DetectObstacles/DetectWithHog/build/CMakeFiles/CMakeTmp

Run Build Command:"/usr/bin/make" "cmTC_9eba4/fast"
/usr/bin/make -f CMakeFiles/cmTC_9eba4.dir/build.make CMakeFiles/cmTC_9eba4.dir/build
make[1]: Entering directory '/home/ubuntu/Workspace/DetectObstacles/DetectWithHog/build/CMakeFiles/CMakeTmp'
Building CXX object CMakeFiles/cmTC_9eba4.dir/feature_tests.cxx.o
/usr/bin/c++     -std=c++98 -o CMakeFiles/cmTC_9eba4.dir/feature_tests.cxx.o -c /home/ubuntu/Workspace/DetectObstacles/DetectWithHog/build/CMakeFiles/feature_tests.cxx
Linking CXX executable cmTC_9eba4
/usr/bin/cmake -E cmake_link_script CMakeFiles/cmTC_9eba4.dir/link.txt --verbose=1
/usr/bin/c++        CMakeFiles/cmTC_9eba4.dir/feature_tests.cxx.o  -o cmTC_9eba4 -rdynamic 
make[1]: Leaving directory '/home/ubuntu/Workspace/DetectObstacles/DetectWithHog/build/CMakeFiles/CMakeTmp'


    Feature record: CXX_FEATURE:0cxx_aggregate_default_initializers
    Feature record: CXX_FEATURE:0cxx_alias_templates
    Feature record: CXX_FEATURE:0cxx_alignas
    Feature record: CXX_FEATURE:0cxx_alignof
    Feature record: CXX_FEATURE:0cxx_attributes
    Feature record: CXX_FEATURE:0cxx_attribute_deprecated
    Feature record: CXX_FEATURE:0cxx_auto_type
    Feature record: CXX_FEATURE:0cxx_binary_literals
    Feature record: CXX_FEATURE:0cxx_constexpr
    Feature record: CXX_FEATURE:0cxx_contextual_conversions
    Feature record: CXX_FEATURE:0cxx_decltype
    Feature record: CXX_FEATURE:0cxx_decltype_auto
    Feature record: CXX_FEATURE:0cxx_decltype_incomplete_return_types
    Feature record: CXX_FEATURE:0cxx_default_function_template_args
    Feature record: CXX_FEATURE:0cxx_defaulted_functions
    Feature record: CXX_FEATURE:0cxx_defaulted_move_initializers
    Feature record: CXX_FEATURE:0cxx_delegating_constructors
    Feature record: CXX_FEATURE:0cxx_deleted_functions
    Feature record: CXX_FEATURE:0cxx_digit_separators
    Feature record: CXX_FEATURE:0cxx_enum_forward_declarations
    Feature record: CXX_FEATURE:0cxx_explicit_conversions
    Feature record: CXX_FEATURE:0cxx_extended_friend_declarations
    Feature record: CXX_FEATURE:0cxx_extern_templates
    Feature record: CXX_FEATURE:0cxx_final
    Feature record: CXX_FEATURE:0cxx_func_identifier
    Feature record: CXX_FEATURE:0cxx_generalized_initializers
    Feature record: CXX_FEATURE:0cxx_generic_lambdas
    Feature record: CXX_FEATURE:0cxx_inheriting_constructors
    Feature record: CXX_FEATURE:0cxx_inline_namespaces
    Feature record: CXX_FEATURE:0cxx_lambdas
    Feature record: CXX_FEATURE:0cxx_lambda_init_captures
    Feature record: CXX_FEATURE:0cxx_local_type_template_args
    Feature record: CXX_FEATURE:0cxx_long_long_type
    Feature record: CXX_FEATURE:0cxx_noexcept
    Feature record: CXX_FEATURE:0cxx_nonstatic_member_init
    Feature record: CXX_FEATURE:0cxx_nullptr
    Feature record: CXX_FEATURE:0cxx_override
    Feature record: CXX_FEATURE:0cxx_range_for
    Feature record: CXX_FEATURE:0cxx_raw_string_literals
    Feature record: CXX_FEATURE:0cxx_reference_qualified_functions
    Feature record: CXX_FEATURE:0cxx_relaxed_constexpr
    Feature record: CXX_FEATURE:0cxx_return_type_deduction
    Feature record: CXX_FEATURE:0cxx_right_angle_brackets
    Feature record: CXX_FEATURE:0cxx_rvalue_references
    Feature record: CXX_FEATURE:0cxx_sizeof_member
    Feature record: CXX_FEATURE:0cxx_static_assert
    Feature record: CXX_FEATURE:0cxx_strong_enums
    Feature record: CXX_FEATURE:1cxx_template_template_parameters
    Feature record: CXX_FEATURE:0cxx_thread_local
    Feature record: CXX_FEATURE:0cxx_trailing_return_types
    Feature record: CXX_FEATURE:0cxx_unicode_literals
    Feature record: CXX_FEATURE:0cxx_uniform_initialization
    Feature record: CXX_FEATURE:0cxx_unrestricted_unions
    Feature record: CXX_FEATURE:0cxx_user_literals
    Feature record: CXX_FEATURE:0cxx_variable_templates
    Feature record: CXX_FEATURE:0cxx_variadic_macros
    Feature record: CXX_FEATURE:0cxx_variadic_templates
Determining if the include file pthread.h exists passed with the following output:
Change Dir: /home/ubuntu/Workspace/DetectObstacles/DetectWithHog/build/CMakeFiles/CMakeTmp

Run Build Command:"/usr/bin/make" "cmTC_04200/fast"
/usr/bin/make -f CMakeFiles/cmTC_04200.dir/build.make CMakeFiles/cmTC_04200.dir/build
make[1]: Entering directory '/home/ubuntu/Workspace/DetectObstacles/DetectWithHog/build/CMakeFiles/CMakeTmp'
Building C object CMakeFiles/cmTC_04200.dir/CheckIncludeFile.c.o
/usr/bin/cc     -o CMakeFiles/cmTC_04200.dir/CheckIncludeFile.c.o   -c /home/ubuntu/Workspace/DetectObstacles/DetectWithHog/build/CMakeFiles/CMakeTmp/CheckIncludeFile.c
Linking C executable cmTC_04200
/usr/bin/cmake -E cmake_link_script CMakeFiles/cmTC_04200.dir/link.txt --verbose=1
/usr/bin/cc       CMakeFiles/cmTC_04200.dir/CheckIncludeFile.c.o  -o cmTC_04200 -rdynamic 
make[1]: Leaving directory '/home/ubuntu/Workspace/DetectObstacles/DetectWithHog/build/CMakeFiles/CMakeTmp'


Determining if the function pthread_create exists in the pthread passed with the following output:
Change Dir: /home/ubuntu/Workspace/DetectObstacles/DetectWithHog/build/CMakeFiles/CMakeTmp

Run Build Command:"/usr/bin/make" "cmTC_eab5b/fast"
/usr/bin/make -f CMakeFiles/cmTC_eab5b.dir/build.make CMakeFiles/cmTC_eab5b.dir/build
make[1]: Entering directory '/home/ubuntu/Workspace/DetectObstacles/DetectWithHog/build/CMakeFiles/CMakeTmp'
Building C object CMakeFiles/cmTC_eab5b.dir/CheckFunctionExists.c.o
/usr/bin/cc    -DCHECK_FUNCTION_EXISTS=pthread_create   -o CMakeFiles/cmTC_eab5b.dir/CheckFunctionExists.c.o   -c /usr/share/cmake-3.5/Modules/CheckFunctionExists.c
Linking C executable cmTC_eab5b
/usr/bin/cmake -E cmake_link_script CMakeFiles/cmTC_eab5b.dir/link.txt --verbose=1
/usr/bin/cc   -DCHECK_FUNCTION_EXISTS=pthread_create    CMakeFiles/cmTC_eab5b.dir/CheckFunctionExists.c.o  -o cmTC_eab5b -rdynamic -lpthread 
make[1]: Leaving directory '/home/ubuntu/Workspace/DetectObstacles/DetectWithHog/build/CMakeFiles/CMakeTmp'


Determining if the function XOpenDisplay exists in the /usr/lib/aarch64-linux-gnu/libX11.so;/usr/lib/aarch64-linux-gnu/libXext.so passed with the following output:
Change Dir: /home/ubuntu/Workspace/DetectObstacles/DetectWithHog/build/CMakeFiles/CMakeTmp

Run Build Command:"/usr/bin/make" "cmTC_7f1a6/fast"
/usr/bin/make -f CMakeFiles/cmTC_7f1a6.dir/build.make CMakeFiles/cmTC_7f1a6.dir/build
make[1]: Entering directory '/home/ubuntu/Workspace/DetectObstacles/DetectWithHog/build/CMakeFiles/CMakeTmp'
Building C object CMakeFiles/cmTC_7f1a6.dir/CheckFunctionExists.c.o
/usr/bin/cc    -DCHECK_FUNCTION_EXISTS=XOpenDisplay   -o CMakeFiles/cmTC_7f1a6.dir/CheckFunctionExists.c.o   -c /usr/share/cmake-3.5/Modules/CheckFunctionExists.c
Linking C executable cmTC_7f1a6
/usr/bin/cmake -E cmake_link_script CMakeFiles/cmTC_7f1a6.dir/link.txt --verbose=1
/usr/bin/cc   -DCHECK_FUNCTION_EXISTS=XOpenDisplay    CMakeFiles/cmTC_7f1a6.dir/CheckFunctionExists.c.o  -o cmTC_7f1a6 -rdynamic /usr/lib/aarch64-linux-gnu/libX11.so /usr/lib/aarch64-linux-gnu/libXext.so 
make[1]: Leaving directory '/home/ubuntu/Workspace/DetectObstacles/DetectWithHog/build/CMakeFiles/CMakeTmp'


Determining if the function gethostbyname exists passed with the following output:
Change Dir: /home/ubuntu/Workspace/DetectObstacles/DetectWithHog/build/CMakeFiles/CMakeTmp

Run Build Command:"/usr/bin/make" "cmTC_6c3d2/fast"
/usr/bin/make -f CMakeFiles/cmTC_6c3d2.dir/build.make CMakeFiles/cmTC_6c3d2.dir/build
make[1]: Entering directory '/home/ubuntu/Workspace/DetectObstacles/DetectWithHog/build/CMakeFiles/CMakeTmp'
Building C object CMakeFiles/cmTC_6c3d2.dir/CheckFunctionExists.c.o
/usr/bin/cc    -DCHECK_FUNCTION_EXISTS=gethostbyname   -o CMakeFiles/cmTC_6c3d2.dir/CheckFunctionExists.c.o   -c /usr/share/cmake-3.5/Modules/CheckFunctionExists.c
Linking C executable cmTC_6c3d2
/usr/bin/cmake -E cmake_link_script CMakeFiles/cmTC_6c3d2.dir/link.txt --verbose=1
/usr/bin/cc   -DCHECK_FUNCTION_EXISTS=gethostbyname    CMakeFiles/cmTC_6c3d2.dir/CheckFunctionExists.c.o  -o cmTC_6c3d2 -rdynamic 
make[1]: Leaving directory '/home/ubuntu/Workspace/DetectObstacles/DetectWithHog/build/CMakeFiles/CMakeTmp'


Determining if the function connect exists passed with the following output:
Change Dir: /home/ubuntu/Workspace/DetectObstacles/DetectWithHog/build/CMakeFiles/CMakeTmp

Run Build Command:"/usr/bin/make" "cmTC_bf5b1/fast"
/usr/bin/make -f CMakeFiles/cmTC_bf5b1.dir/build.make CMakeFiles/cmTC_bf5b1.dir/build
make[1]: Entering directory '/home/ubuntu/Workspace/DetectObstacles/DetectWithHog/build/CMakeFiles/CMakeTmp'
Building C object CMakeFiles/cmTC_bf5b1.dir/CheckFunctionExists.c.o
/usr/bin/cc    -DCHECK_FUNCTION_EXISTS=connect   -o CMakeFiles/cmTC_bf5b1.dir/CheckFunctionExists.c.o   -c /usr/share/cmake-3.5/Modules/CheckFunctionExists.c
Linking C executable cmTC_bf5b1
/usr/bin/cmake -E cmake_link_script CMakeFiles/cmTC_bf5b1.dir/link.txt --verbose=1
/usr/bin/cc   -DCHECK_FUNCTION_EXISTS=connect    CMakeFiles/cmTC_bf5b1.dir/CheckFunctionExists.c.o  -o cmTC_bf5b1 -rdynamic 
make[1]: Leaving directory '/home/ubuntu/Workspace/DetectObstacles/DetectWithHog/build/CMakeFiles/CMakeTmp'


Determining if the function remove exists passed with the following output:
Change Dir: /home/ubuntu/Workspace/DetectObstacles/DetectWithHog/build/CMakeFiles/CMakeTmp

Run Build Command:"/usr/bin/make" "cmTC_cef00/fast"
/usr/bin/make -f CMakeFiles/cmTC_cef00.dir/build.make CMakeFiles/cmTC_cef00.dir/build
make[1]: Entering directory '/home/ubuntu/Workspace/DetectObstacles/DetectWithHog/build/CMakeFiles/CMakeTmp'
Building C object CMakeFiles/cmTC_cef00.dir/CheckFunctionExists.c.o
/usr/bin/cc    -DCHECK_FUNCTION_EXISTS=remove   -o CMakeFiles/cmTC_cef00.dir/CheckFunctionExists.c.o   -c /usr/share/cmake-3.5/Modules/CheckFunctionExists.c
Linking C executable cmTC_cef00
/usr/bin/cmake -E cmake_link_script CMakeFiles/cmTC_cef00.dir/link.txt --verbose=1
/usr/bin/cc   -DCHECK_FUNCTION_EXISTS=remove    CMakeFiles/cmTC_cef00.dir/CheckFunctionExists.c.o  -o cmTC_cef00 -rdynamic 
make[1]: Leaving directory '/home/ubuntu/Workspace/DetectObstacles/DetectWithHog/build/CMakeFiles/CMakeTmp'


Determining if the function shmat exists passed with the following output:
Change Dir: /home/ubuntu/Workspace/DetectObstacles/DetectWithHog/build/CMakeFiles/CMakeTmp

Run Build Command:"/usr/bin/make" "cmTC_5d202/fast"
/usr/bin/make -f CMakeFiles/cmTC_5d202.dir/build.make CMakeFiles/cmTC_5d202.dir/build
make[1]: Entering directory '/home/ubuntu/Workspace/DetectObstacles/DetectWithHog/build/CMakeFiles/CMakeTmp'
Building C object CMakeFiles/cmTC_5d202.dir/CheckFunctionExists.c.o
/usr/bin/cc    -DCHECK_FUNCTION_EXISTS=shmat   -o CMakeFiles/cmTC_5d202.dir/CheckFunctionExists.c.o   -c /usr/share/cmake-3.5/Modules/CheckFunctionExists.c
Linking C executable cmTC_5d202
/usr/bin/cmake -E cmake_link_script CMakeFiles/cmTC_5d202.dir/link.txt --verbose=1
/usr/bin/cc   -DCHECK_FUNCTION_EXISTS=shmat    CMakeFiles/cmTC_5d202.dir/CheckFunctionExists.c.o  -o cmTC_5d202 -rdynamic 
make[1]: Leaving directory '/home/ubuntu/Workspace/DetectObstacles/DetectWithHog/build/CMakeFiles/CMakeTmp'


Determining if the function IceConnectionNumber exists in the ICE passed with the following output:
Change Dir: /home/ubuntu/Workspace/DetectObstacles/DetectWithHog/build/CMakeFiles/CMakeTmp

Run Build Command:"/usr/bin/make" "cmTC_0f94d/fast"
/usr/bin/make -f CMakeFiles/cmTC_0f94d.dir/build.make CMakeFiles/cmTC_0f94d.dir/build
make[1]: Entering directory '/home/ubuntu/Workspace/DetectObstacles/DetectWithHog/build/CMakeFiles/CMakeTmp'
Building C object CMakeFiles/cmTC_0f94d.dir/CheckFunctionExists.c.o
/usr/bin/cc    -DCHECK_FUNCTION_EXISTS=IceConnectionNumber   -o CMakeFiles/cmTC_0f94d.dir/CheckFunctionExists.c.o   -c /usr/share/cmake-3.5/Modules/CheckFunctionExists.c
Linking C executable cmTC_0f94d
/usr/bin/cmake -E cmake_link_script CMakeFiles/cmTC_0f94d.dir/link.txt --verbose=1
/usr/bin/cc   -DCHECK_FUNCTION_EXISTS=IceConnectionNumber    CMakeFiles/cmTC_0f94d.dir/CheckFunctionExists.c.o  -o cmTC_0f94d -rdynamic -lICE 
make[1]: Leaving directory '/home/ubuntu/Workspace/DetectObstacles/DetectWithHog/build/CMakeFiles/CMakeTmp'


Determining if the function png_create_read_struct exists passed with the following output:
Change Dir: /home/ubuntu/Workspace/DetectObstacles/DetectWithHog/build/CMakeFiles/CMakeTmp

Run Build Command:"/usr/bin/make" "cmTC_92ac6/fast"
/usr/bin/make -f CMakeFiles/cmTC_92ac6.dir/build.make CMakeFiles/cmTC_92ac6.dir/build
make[1]: Entering directory '/home/ubuntu/Workspace/DetectObstacles/DetectWithHog/build/CMakeFiles/CMakeTmp'
Building C object CMakeFiles/cmTC_92ac6.dir/CheckFunctionExists.c.o
/usr/bin/cc    -DCHECK_FUNCTION_EXISTS=png_create_read_struct   -o CMakeFiles/cmTC_92ac6.dir/CheckFunctionExists.c.o   -c /usr/share/cmake-3.5/Modules/CheckFunctionExists.c
Linking C executable cmTC_92ac6
/usr/bin/cmake -E cmake_link_script CMakeFiles/cmTC_92ac6.dir/link.txt --verbose=1
/usr/bin/cc   -DCHECK_FUNCTION_EXISTS=png_create_read_struct    CMakeFiles/cmTC_92ac6.dir/CheckFunctionExists.c.o  -o cmTC_92ac6 -rdynamic /usr/lib/aarch64-linux-gnu/libpng.so 
make[1]: Leaving directory '/home/ubuntu/Workspace/DetectObstacles/DetectWithHog/build/CMakeFiles/CMakeTmp'


Determining if the include file sys/types.h exists passed with the following output:
Change Dir: /home/ubuntu/Workspace/DetectObstacles/DetectWithHog/build/CMakeFiles/CMakeTmp

Run Build Command:"/usr/bin/make" "cmTC_ab958/fast"
/usr/bin/make -f CMakeFiles/cmTC_ab958.dir/build.make CMakeFiles/cmTC_ab958.dir/build
make[1]: Entering directory '/home/ubuntu/Workspace/DetectObstacles/DetectWithHog/build/CMakeFiles/CMakeTmp'
Building C object CMakeFiles/cmTC_ab958.dir/CheckIncludeFile.c.o
/usr/bin/cc     -o CMakeFiles/cmTC_ab958.dir/CheckIncludeFile.c.o   -c /home/ubuntu/Workspace/DetectObstacles/DetectWithHog/build/CMakeFiles/CMakeTmp/CheckIncludeFile.c
Linking C executable cmTC_ab958
/usr/bin/cmake -E cmake_link_script CMakeFiles/cmTC_ab958.dir/link.txt --verbose=1
/usr/bin/cc       CMakeFiles/cmTC_ab958.dir/CheckIncludeFile.c.o  -o cmTC_ab958 -rdynamic 
make[1]: Leaving directory '/home/ubuntu/Workspace/DetectObstacles/DetectWithHog/build/CMakeFiles/CMakeTmp'


Determining if the include file stdint.h exists passed with the following output:
Change Dir: /home/ubuntu/Workspace/DetectObstacles/DetectWithHog/build/CMakeFiles/CMakeTmp

Run Build Command:"/usr/bin/make" "cmTC_4013e/fast"
/usr/bin/make -f CMakeFiles/cmTC_4013e.dir/build.make CMakeFiles/cmTC_4013e.dir/build
make[1]: Entering directory '/home/ubuntu/Workspace/DetectObstacles/DetectWithHog/build/CMakeFiles/CMakeTmp'
Building C object CMakeFiles/cmTC_4013e.dir/CheckIncludeFile.c.o
/usr/bin/cc     -o CMakeFiles/cmTC_4013e.dir/CheckIncludeFile.c.o   -c /home/ubuntu/Workspace/DetectObstacles/DetectWithHog/build/CMakeFiles/CMakeTmp/CheckIncludeFile.c
Linking C executable cmTC_4013e
/usr/bin/cmake -E cmake_link_script CMakeFiles/cmTC_4013e.dir/link.txt --verbose=1
/usr/bin/cc       CMakeFiles/cmTC_4013e.dir/CheckIncludeFile.c.o  -o cmTC_4013e -rdynamic 
make[1]: Leaving directory '/home/ubuntu/Workspace/DetectObstacles/DetectWithHog/build/CMakeFiles/CMakeTmp'


Determining if the include file stddef.h exists passed with the following output:
Change Dir: /home/ubuntu/Workspace/DetectObstacles/DetectWithHog/build/CMakeFiles/CMakeTmp

Run Build Command:"/usr/bin/make" "cmTC_d2bad/fast"
/usr/bin/make -f CMakeFiles/cmTC_d2bad.dir/build.make CMakeFiles/cmTC_d2bad.dir/build
make[1]: Entering directory '/home/ubuntu/Workspace/DetectObstacles/DetectWithHog/build/CMakeFiles/CMakeTmp'
Building C object CMakeFiles/cmTC_d2bad.dir/CheckIncludeFile.c.o
/usr/bin/cc     -o CMakeFiles/cmTC_d2bad.dir/CheckIncludeFile.c.o   -c /home/ubuntu/Workspace/DetectObstacles/DetectWithHog/build/CMakeFiles/CMakeTmp/CheckIncludeFile.c
Linking C executable cmTC_d2bad
/usr/bin/cmake -E cmake_link_script CMakeFiles/cmTC_d2bad.dir/link.txt --verbose=1
/usr/bin/cc       CMakeFiles/cmTC_d2bad.dir/CheckIncludeFile.c.o  -o cmTC_d2bad -rdynamic 
make[1]: Leaving directory '/home/ubuntu/Workspace/DetectObstacles/DetectWithHog/build/CMakeFiles/CMakeTmp'


Determining size of void* passed with the following output:
Change Dir: /home/ubuntu/Workspace/DetectObstacles/DetectWithHog/build/CMakeFiles/CMakeTmp

Run Build Command:"/usr/bin/make" "cmTC_1fb92/fast"
/usr/bin/make -f CMakeFiles/cmTC_1fb92.dir/build.make CMakeFiles/cmTC_1fb92.dir/build
make[1]: Entering directory '/home/ubuntu/Workspace/DetectObstacles/DetectWithHog/build/CMakeFiles/CMakeTmp'
Building C object CMakeFiles/cmTC_1fb92.dir/SIZE_OF_VOID_PTR.c.o
/usr/bin/cc     -o CMakeFiles/cmTC_1fb92.dir/SIZE_OF_VOID_PTR.c.o   -c /home/ubuntu/Workspace/DetectObstacles/DetectWithHog/build/CMakeFiles/CheckTypeSize/SIZE_OF_VOID_PTR.c
Linking C executable cmTC_1fb92
/usr/bin/cmake -E cmake_link_script CMakeFiles/cmTC_1fb92.dir/link.txt --verbose=1
/usr/bin/cc       CMakeFiles/cmTC_1fb92.dir/SIZE_OF_VOID_PTR.c.o  -o cmTC_1fb92 -rdynamic /usr/lib/aarch64-linux-gnu/libpng.so 
make[1]: Leaving directory '/home/ubuntu/Workspace/DetectObstacles/DetectWithHog/build/CMakeFiles/CMakeTmp'


Determining if the function sgetrf_single exists passed with the following output:
Change Dir: /home/ubuntu/Workspace/DetectObstacles/DetectWithHog/build/CMakeFiles/CMakeTmp

Run Build Command:"/usr/bin/make" "cmTC_ab41d/fast"
/usr/bin/make -f CMakeFiles/cmTC_ab41d.dir/build.make CMakeFiles/cmTC_ab41d.dir/build
make[1]: Entering directory '/home/ubuntu/Workspace/DetectObstacles/DetectWithHog/build/CMakeFiles/CMakeTmp'
Building C object CMakeFiles/cmTC_ab41d.dir/CheckFunctionExists.c.o
/usr/bin/cc    -DCHECK_FUNCTION_EXISTS=sgetrf_single   -o CMakeFiles/cmTC_ab41d.dir/CheckFunctionExists.c.o   -c /usr/share/cmake-3.5/Modules/CheckFunctionExists.c
Linking C executable cmTC_ab41d
/usr/bin/cmake -E cmake_link_script CMakeFiles/cmTC_ab41d.dir/link.txt --verbose=1
/usr/bin/cc   -DCHECK_FUNCTION_EXISTS=sgetrf_single    CMakeFiles/cmTC_ab41d.dir/CheckFunctionExists.c.o  -o cmTC_ab41d -rdynamic /usr/lib/libopenblas.so 
make[1]: Leaving directory '/home/ubuntu/Workspace/DetectObstacles/DetectWithHog/build/CMakeFiles/CMakeTmp'


Determining if the function cblas_ddot exists passed with the following output:
Change Dir: /home/ubuntu/Workspace/DetectObstacles/DetectWithHog/build/CMakeFiles/CMakeTmp

Run Build Command:"/usr/bin/make" "cmTC_2e33a/fast"
/usr/bin/make -f CMakeFiles/cmTC_2e33a.dir/build.make CMakeFiles/cmTC_2e33a.dir/build
make[1]: Entering directory '/home/ubuntu/Workspace/DetectObstacles/DetectWithHog/build/CMakeFiles/CMakeTmp'
Building C object CMakeFiles/cmTC_2e33a.dir/CheckFunctionExists.c.o
/usr/bin/cc    -DCHECK_FUNCTION_EXISTS=cblas_ddot   -o CMakeFiles/cmTC_2e33a.dir/CheckFunctionExists.c.o   -c /usr/share/cmake-3.5/Modules/CheckFunctionExists.c
Linking C executable cmTC_2e33a
/usr/bin/cmake -E cmake_link_script CMakeFiles/cmTC_2e33a.dir/link.txt --verbose=1
/usr/bin/cc   -DCHECK_FUNCTION_EXISTS=cblas_ddot    CMakeFiles/cmTC_2e33a.dir/CheckFunctionExists.c.o  -o cmTC_2e33a -rdynamic /usr/lib/libopenblas.so 
make[1]: Leaving directory '/home/ubuntu/Workspace/DetectObstacles/DetectWithHog/build/CMakeFiles/CMakeTmp'


