Determining if the pthread_create exist failed with the following output:
Change Dir: /home/ryan/Workspace/MechaVision/build/CMakeFiles/CMakeTmp

Run Build Command:/usr/bin/make "cmTryCompileExec966865112/fast"
/usr/bin/make -f CMakeFiles/cmTryCompileExec966865112.dir/build.make CMakeFiles/cmTryCompileExec966865112.dir/build
make[1]: Entering directory `/home/ryan/Workspace/MechaVision/build/CMakeFiles/CMakeTmp'
/usr/bin/cmake -E cmake_progress_report /home/ryan/Workspace/MechaVision/build/CMakeFiles/CMakeTmp/CMakeFiles 1
Building C object CMakeFiles/cmTryCompileExec966865112.dir/CheckSymbolExists.c.o
/usr/bin/cc    -o CMakeFiles/cmTryCompileExec966865112.dir/CheckSymbolExists.c.o   -c /home/ryan/Workspace/MechaVision/build/CMakeFiles/CMakeTmp/CheckSymbolExists.c
Linking C executable cmTryCompileExec966865112
/usr/bin/cmake -E cmake_link_script CMakeFiles/cmTryCompileExec966865112.dir/link.txt --verbose=1
/usr/bin/cc       CMakeFiles/cmTryCompileExec966865112.dir/CheckSymbolExists.c.o  -o cmTryCompileExec966865112 -rdynamic 
CMakeFiles/cmTryCompileExec966865112.dir/CheckSymbolExists.c.o: In function `main':
CheckSymbolExists.c:(.text+0x16): undefined reference to `pthread_create'
collect2: error: ld returned 1 exit status
make[1]: Leaving directory `/home/ryan/Workspace/MechaVision/build/CMakeFiles/CMakeTmp'
make[1]: *** [cmTryCompileExec966865112] Error 1
make: *** [cmTryCompileExec966865112/fast] Error 2

File /home/ryan/Workspace/MechaVision/build/CMakeFiles/CMakeTmp/CheckSymbolExists.c:
/* */
#include <pthread.h>

int main(int argc, char** argv)
{
  (void)argv;
#ifndef pthread_create
  return ((int*)(&pthread_create))[argc];
#else
  (void)argc;
  return 0;
#endif
}

Determining if the function pthread_create exists in the pthreads failed with the following output:
Change Dir: /home/ryan/Workspace/MechaVision/build/CMakeFiles/CMakeTmp

Run Build Command:/usr/bin/make "cmTryCompileExec2042153242/fast"
/usr/bin/make -f CMakeFiles/cmTryCompileExec2042153242.dir/build.make CMakeFiles/cmTryCompileExec2042153242.dir/build
make[1]: Entering directory `/home/ryan/Workspace/MechaVision/build/CMakeFiles/CMakeTmp'
/usr/bin/cmake -E cmake_progress_report /home/ryan/Workspace/MechaVision/build/CMakeFiles/CMakeTmp/CMakeFiles 1
Building C object CMakeFiles/cmTryCompileExec2042153242.dir/CheckFunctionExists.c.o
/usr/bin/cc   -DCHECK_FUNCTION_EXISTS=pthread_create   -o CMakeFiles/cmTryCompileExec2042153242.dir/CheckFunctionExists.c.o   -c /usr/share/cmake-2.8/Modules/CheckFunctionExists.c
Linking C executable cmTryCompileExec2042153242
/usr/bin/cmake -E cmake_link_script CMakeFiles/cmTryCompileExec2042153242.dir/link.txt --verbose=1
/usr/bin/cc   -DCHECK_FUNCTION_EXISTS=pthread_create    CMakeFiles/cmTryCompileExec2042153242.dir/CheckFunctionExists.c.o  -o cmTryCompileExec2042153242 -rdynamic -lpthreads 
/usr/bin/ld: cannot find -lpthreads
collect2: error: ld returned 1 exit status
make[1]: Leaving directory `/home/ryan/Workspace/MechaVision/build/CMakeFiles/CMakeTmp'
make[1]: *** [cmTryCompileExec2042153242] Error 1
make: *** [cmTryCompileExec2042153242/fast] Error 2


Determining if the function sgetrf_single exists failed with the following output:
Change Dir: /home/ryan/Workspace/MechaVision/build/CMakeFiles/CMakeTmp

Run Build Command:/usr/bin/make "cmTryCompileExec1829017271/fast"
/usr/bin/make -f CMakeFiles/cmTryCompileExec1829017271.dir/build.make CMakeFiles/cmTryCompileExec1829017271.dir/build
make[1]: Entering directory `/home/ryan/Workspace/MechaVision/build/CMakeFiles/CMakeTmp'
/usr/bin/cmake -E cmake_progress_report /home/ryan/Workspace/MechaVision/build/CMakeFiles/CMakeTmp/CMakeFiles 1
Building C object CMakeFiles/cmTryCompileExec1829017271.dir/CheckFunctionExists.c.o
/usr/bin/cc   -DCHECK_FUNCTION_EXISTS=sgetrf_single   -o CMakeFiles/cmTryCompileExec1829017271.dir/CheckFunctionExists.c.o   -c /usr/share/cmake-2.8/Modules/CheckFunctionExists.c
Linking C executable cmTryCompileExec1829017271
/usr/bin/cmake -E cmake_link_script CMakeFiles/cmTryCompileExec1829017271.dir/link.txt --verbose=1
/usr/bin/cc   -DCHECK_FUNCTION_EXISTS=sgetrf_single    CMakeFiles/cmTryCompileExec1829017271.dir/CheckFunctionExists.c.o  -o cmTryCompileExec1829017271 -rdynamic -lcblas 
CMakeFiles/cmTryCompileExec1829017271.dir/CheckFunctionExists.c.o: In function `main':
CheckFunctionExists.c:(.text+0x15): undefined reference to `sgetrf_single'
collect2: error: ld returned 1 exit status
make[1]: Leaving directory `/home/ryan/Workspace/MechaVision/build/CMakeFiles/CMakeTmp'
make[1]: *** [cmTryCompileExec1829017271] Error 1
make: *** [cmTryCompileExec1829017271/fast] Error 2


