Determining if the pthread_create exist failed with the following output:
Change Dir: /home/ubuntu/Workspace/DetectObstacles/AutoThresh/build/CMakeFiles/CMakeTmp

Run Build Command:"/usr/bin/make" "cmTC_99aed/fast"
/usr/bin/make -f CMakeFiles/cmTC_99aed.dir/build.make CMakeFiles/cmTC_99aed.dir/build
make[1]: Entering directory '/home/ubuntu/Workspace/DetectObstacles/AutoThresh/build/CMakeFiles/CMakeTmp'
Building C object CMakeFiles/cmTC_99aed.dir/CheckSymbolExists.c.o
/usr/bin/cc     -o CMakeFiles/cmTC_99aed.dir/CheckSymbolExists.c.o   -c /home/ubuntu/Workspace/DetectObstacles/AutoThresh/build/CMakeFiles/CMakeTmp/CheckSymbolExists.c
Linking C executable cmTC_99aed
/usr/bin/cmake -E cmake_link_script CMakeFiles/cmTC_99aed.dir/link.txt --verbose=1
/usr/bin/cc       CMakeFiles/cmTC_99aed.dir/CheckSymbolExists.c.o  -o cmTC_99aed -rdynamic 
CMakeFiles/cmTC_99aed.dir/CheckSymbolExists.c.o: In function `main':
CheckSymbolExists.c:(.text+0x14): undefined reference to `pthread_create'
CheckSymbolExists.c:(.text+0x18): undefined reference to `pthread_create'
collect2: error: ld returned 1 exit status
CMakeFiles/cmTC_99aed.dir/build.make:97: recipe for target 'cmTC_99aed' failed
make[1]: *** [cmTC_99aed] Error 1
make[1]: Leaving directory '/home/ubuntu/Workspace/DetectObstacles/AutoThresh/build/CMakeFiles/CMakeTmp'
Makefile:126: recipe for target 'cmTC_99aed/fast' failed
make: *** [cmTC_99aed/fast] Error 2

File /home/ubuntu/Workspace/DetectObstacles/AutoThresh/build/CMakeFiles/CMakeTmp/CheckSymbolExists.c:
/* */
#include <pthread.h>

int main(int argc, char** argv)
{
  (void)argv;
#ifndef pthread_create
  return ((int*)(&pthread_create))[argc];
#else
  (void)argc;
  return 0;
#endif
}

Determining if the function pthread_create exists in the pthreads failed with the following output:
Change Dir: /home/ubuntu/Workspace/DetectObstacles/AutoThresh/build/CMakeFiles/CMakeTmp

Run Build Command:"/usr/bin/make" "cmTC_53016/fast"
/usr/bin/make -f CMakeFiles/cmTC_53016.dir/build.make CMakeFiles/cmTC_53016.dir/build
make[1]: Entering directory '/home/ubuntu/Workspace/DetectObstacles/AutoThresh/build/CMakeFiles/CMakeTmp'
Building C object CMakeFiles/cmTC_53016.dir/CheckFunctionExists.c.o
/usr/bin/cc    -DCHECK_FUNCTION_EXISTS=pthread_create   -o CMakeFiles/cmTC_53016.dir/CheckFunctionExists.c.o   -c /usr/share/cmake-3.5/Modules/CheckFunctionExists.c
Linking C executable cmTC_53016
/usr/bin/cmake -E cmake_link_script CMakeFiles/cmTC_53016.dir/link.txt --verbose=1
/usr/bin/cc   -DCHECK_FUNCTION_EXISTS=pthread_create    CMakeFiles/cmTC_53016.dir/CheckFunctionExists.c.o  -o cmTC_53016 -rdynamic -lpthreads 
/usr/bin/ld: cannot find -lpthreads
collect2: error: ld returned 1 exit status
CMakeFiles/cmTC_53016.dir/build.make:97: recipe for target 'cmTC_53016' failed
make[1]: *** [cmTC_53016] Error 1
make[1]: Leaving directory '/home/ubuntu/Workspace/DetectObstacles/AutoThresh/build/CMakeFiles/CMakeTmp'
Makefile:126: recipe for target 'cmTC_53016/fast' failed
make: *** [cmTC_53016/fast] Error 2


